<?xml version="1.0" encoding="UTF-8"?>
<!-- Generated by org.testng.reporters.JUnitXMLReporter -->
<testsuite hostname="thanhv.local" name="Atmarkcafe-SPMC" tests="11" failures="0" timestamp="7 Apr 2016 10:43:41 GMT" time="1452.896" errors="0">
  <testcase name="createAddressFromCart" time="63.785" classname="AutomationFramework.CreateAddress.CreateAddressFromCart"/>
  <testcase name="createAddressFromCartMissingRegisterName" time="62.448" classname="AutomationFramework.CreateAddress.CreateAddressFromCartMissingRegisterName"/>
  <testcase name="createAddressFromCartMissingLastName" time="171.175" classname="AutomationFramework.CreateAddress.CreateAddressFromCartMissingLastName"/>
  <testcase name="createAddressFromCartMissingFirstName" time="60.521" classname="AutomationFramework.CreateAddress.CreateAddressFromCartMissingFirstName"/>
  <testcase name="createAddressFromCartMissingPostalCode" time="62.902" classname="AutomationFramework.CreateAddress.CreateAddressFromCartMissingPostalCode"/>
  <testcase name="createAddressFromCartMissingState" time="61.31" classname="AutomationFramework.CreateAddress.CreateAddressFromCartMissingState"/>
  <testcase name="createAddressFromCartMissingCity" time="62.363" classname="AutomationFramework.CreateAddress.CreateAddressFromCartMissingCity"/>
  <testcase name="createAddressFromCartMissingTelephone" time="61.877" classname="AutomationFramework.CreateAddress.CreateAddressFromCartMissingTelephone"/>
  <testcase name="createAddressFromCartWrongPostalCode" time="65.085" classname="AutomationFramework.CreateAddress.CreateAddressFromCartWrongPostalCode"/>
  <testcase name="createAddressFromCartWrongTelephone" time="63.139" classname="AutomationFramework.CreateAddress.CreateAddressFromCartWrongTelephone"/>
  <testcase name="createAddressFromCartSameRegName" time="61.683" classname="AutomationFramework.CreateAddress.CreateAddressFromCartSameRegName"/>
</testsuite> <!-- Atmarkcafe-SPMC -->
